<?xml version="1.0" encoding="UTF-8" standalone="yes"?>
<ns2:test-suite start="1453997238733" stop="1453997238794" version="1.4.11" xmlns:ns2="urn:model.allure.qatools.yandex.ru">
    <name>DivisionTest</name>
    <test-cases>
        <test-case start="1453997238734" stop="1453997238734" status="passed">
            <name>divisionTest[0]</name>
            <steps/>
            <attachments/>
            <labels>
                <label name="host" value="PC"/>
                <label name="thread" value="6524@PC.main(1)"/>
            </labels>
            <parameters>
                <parameter name="Operand1" value="3" kind="environment-variable"/>
                <parameter name="Operand2" value="2" kind="environment-variable"/>
                <parameter name="Operation" value="/" kind="environment-variable"/>
                <parameter name="Result" value="1.5" kind="environment-variable"/>
            </parameters>
        </test-case>
        <test-case start="1453997238741" stop="1453997238743" status="broken">
            <name>divisionTest[1]</name>
            <failure>
                <message>Exception: operand1, operand2, has an incorrect format</message>
                <stack-trace>java.lang.Exception: operand1, operand2, has an incorrect format
	at DivisionTest.divisionTest(DivisionTest.java:85)
	at sun.reflect.NativeMethodAccessorImpl.invoke0(Native Method)
	at sun.reflect.NativeMethodAccessorImpl.invoke(NativeMethodAccessorImpl.java:62)
	at sun.reflect.DelegatingMethodAccessorImpl.invoke(DelegatingMethodAccessorImpl.java:43)
	at java.lang.reflect.Method.invoke(Method.java:497)
	at org.junit.runners.model.FrameworkMethod$1.runReflectiveCall(FrameworkMethod.java:50)
	at org.junit.internal.runners.model.ReflectiveCallable.run(ReflectiveCallable.java:12)
	at org.junit.runners.model.FrameworkMethod.invokeExplosively(FrameworkMethod.java:47)
	at org.junit.internal.runners.statements.InvokeMethod.evaluate(InvokeMethod.java:17)
	at org.junit.runners.ParentRunner.runLeaf(ParentRunner.java:325)
	at org.junit.runners.BlockJUnit4ClassRunner.runChild(BlockJUnit4ClassRunner.java:78)
	at org.junit.runners.BlockJUnit4ClassRunner.runChild(BlockJUnit4ClassRunner.java:57)
	at org.junit.runners.ParentRunner$3.run(ParentRunner.java:290)
	at org.junit.runners.ParentRunner$1.schedule(ParentRunner.java:71)
	at org.junit.runners.ParentRunner.runChildren(ParentRunner.java:288)
	at org.junit.runners.ParentRunner.access$000(ParentRunner.java:58)
	at org.junit.runners.ParentRunner$2.evaluate(ParentRunner.java:268)
	at org.junit.runners.ParentRunner.run(ParentRunner.java:363)
	at org.junit.runners.Suite.runChild(Suite.java:128)
	at org.junit.runners.Suite.runChild(Suite.java:27)
	at org.junit.runners.ParentRunner$3.run(ParentRunner.java:290)
	at org.junit.runners.ParentRunner$1.schedule(ParentRunner.java:71)
	at org.junit.runners.ParentRunner.runChildren(ParentRunner.java:288)
	at org.junit.runners.ParentRunner.access$000(ParentRunner.java:58)
	at org.junit.runners.ParentRunner$2.evaluate(ParentRunner.java:268)
	at org.junit.runners.ParentRunner.run(ParentRunner.java:363)
	at org.apache.maven.surefire.junit4.JUnit4Provider.execute(JUnit4Provider.java:283)
	at org.apache.maven.surefire.junit4.JUnit4Provider.executeWithRerun(JUnit4Provider.java:173)
	at org.apache.maven.surefire.junit4.JUnit4Provider.executeTestSet(JUnit4Provider.java:153)
	at org.apache.maven.surefire.junit4.JUnit4Provider.invoke(JUnit4Provider.java:128)
	at org.apache.maven.surefire.booter.ForkedBooter.invokeProviderInSameClassLoader(ForkedBooter.java:203)
	at org.apache.maven.surefire.booter.ForkedBooter.runSuitesInProcess(ForkedBooter.java:155)
	at org.apache.maven.surefire.booter.ForkedBooter.main(ForkedBooter.java:103)
</stack-trace>
            </failure>
            <steps/>
            <attachments/>
            <labels>
                <label name="host" value="PC"/>
                <label name="thread" value="6524@PC.main(1)"/>
            </labels>
            <parameters>
                <parameter name="Operand1" value="a" kind="environment-variable"/>
                <parameter name="Operand2" value="b" kind="environment-variable"/>
                <parameter name="Operation" value="/" kind="environment-variable"/>
                <parameter name="Result" value="3" kind="environment-variable"/>
            </parameters>
        </test-case>
        <test-case start="1453997238744" stop="1453997238744" status="passed">
            <name>divisionTest[2]</name>
            <steps/>
            <attachments/>
            <labels>
                <label name="host" value="PC"/>
                <label name="thread" value="6524@PC.main(1)"/>
            </labels>
            <parameters>
                <parameter name="Operand1" value="4" kind="environment-variable"/>
                <parameter name="Operand2" value="4" kind="environment-variable"/>
                <parameter name="Operation" value="/" kind="environment-variable"/>
                <parameter name="Result" value="1" kind="environment-variable"/>
            </parameters>
        </test-case>
        <test-case start="1453997238751" stop="1453997238751" status="passed">
            <name>divisionTest[3]</name>
            <steps/>
            <attachments/>
            <labels>
                <label name="host" value="PC"/>
                <label name="thread" value="6524@PC.main(1)"/>
            </labels>
            <parameters>
                <parameter name="Operand1" value="4" kind="environment-variable"/>
                <parameter name="Operand2" value="4" kind="environment-variable"/>
                <parameter name="Operation" value="/" kind="environment-variable"/>
                <parameter name="Result" value="1.0" kind="environment-variable"/>
            </parameters>
        </test-case>
    </test-cases>
    <labels>
        <label name="framework" value="JUnit"/>
        <label name="language" value="JAVA"/>
    </labels>
</ns2:test-suite>
